[{"id": 3513, "name": "log-2332", "raw": "2022-06-28 14:27:33,028 | Failed at Play [check_ip_address] **************************\n2022-06-28 14:27:33,028 | TASK [Skip testcase: check_ip_address, reason: Blocked] ****\ntask path: /home/worker/workspace/Ansible_Windows_Server_LTSC_MAIN_LSILOGICSAS_E1000E_EFI/ansible-vsphere-gos-validation/common/skip_test_case.yml:20\nfatal: [localhost]: FAILED! => Test case 'check_ip_address' is blocked because VMware tools installed: False, running: False", "category": "", "processed": "timestamp failed at play check ip address timestamp task skip test case check ip address reason blocked task path home worker workspace ansible windows server lts c main lsi logic sas efi ansible vsphere gos validation common skip test case yml number fatal localhost failed test case check ip address is blocked because vmware tools installed false running false", "solution": "deepdive", "target": "usererror", "version": 202207041600}, {"id": 3514, "name": "log-2380", "raw": "2022-06-30 06:40:43,030 | Failed at Play [nvme_disk_hot_extend_spec13] ***************\n2022-06-30 06:40:43,030 | TASK [Check disk size after hot extend] ********************\ntask path: /home/worker/workspace/Ansible_Windows_Server_LTSC_MAIN_LSILOGICSAS_E1000E_EFI/ansible-vsphere-gos-validation/windows/vhba_hot_add_remove/hot_extend_disk_test.yml:40\nfatal: [localhost]: FAILED! => Got disk size '1' GB in guest OS after hot extend to 2GB.", "category": "", "processed": "timestamp failed at play nvme disk hot extend spec number timestamp task check disk size after hot extend task path home worker workspace ansible windows server lts c main lsi logic sas efi ansible vsphere gos validation windows v hba hot add remove hot extend disk test yml number fatal localhost failed got disk size number gb in guest os after hot extend to number gb", "solution": "deepdive", "target": "product", "version": 202207041600}, {"id": 3515, "name": "log-2371", "raw": "2022-06-30 04:33:26,030 | Failed at Play [deploy_vmwarephoton_ova] *******************\n2022-06-30 04:33:26,030 | TASK [Wait for port 22 to become open or contain specific keyword] \ntask path: /home/worker/workspace/Ansible_Photon_3.x_OVA_65U3/ansible-vsphere-gos-validation/common/vm_wait_ssh.yml:19\nfatal: [localhost]: FAILED! => Timeout when waiting for search string OpenSSH in 10.185.228.195:22\n2022-06-30 04:34:08,030 | TASK [Testing exit due to failure] *************************\ntask path: /home/worker/workspace/Ansible_Photon_3.x_OVA_65U3/ansible-vsphere-gos-validation/common/test_rescue.yml:55\nfatal: [localhost]: FAILED! => Exit testing when 'exit_testing_when_fail' is set to True in test case deploy_vmwarephoton_ova", "category": "", "processed": "timestamp failed at play deploy vmware photon ova timestamp task wait for port number to become open or contain specific keyword task path home worker workspace ansible photon number x ova ansible vsphere gos validation common vm wait ssh yml number fatal localhost failed timeout when waiting for search string openssh in ip address timestamp task testing exit due to failure task path home worker workspace ansible photon number x ova ansible vsphere gos validation common test rescue yml number fatal localhost failed exit testing when exit testing when fail is set to true in test case deploy vmware photon ova", "solution": "deepdive", "target": "testcase", "version": 202207041600}, {"id": 3516, "name": "log-2338", "raw": "2022-06-29 06:56:46,029 | Failed at Play [deploy_vmwarephoton_ova] *******************\n2022-06-29 06:56:46,029 | TASK [Wait for port 22 to become open or contain specific keyword] \ntask path: /home/worker/workspace/Ansible_Photon_3.x_OVA_67GA/ansible-vsphere-gos-validation/common/vm_wait_ssh.yml:19\nfatal: [localhost]: FAILED! => Timeout when waiting for search string OpenSSH in 10.186.85.86:22\n2022-06-29 06:57:19,029 | TASK [Testing exit due to failure] *************************\ntask path: /home/worker/workspace/Ansible_Photon_3.x_OVA_67GA/ansible-vsphere-gos-validation/common/test_rescue.yml:55\nfatal: [localhost]: FAILED! => Exit testing when 'exit_testing_when_fail' is set to True in test case deploy_vmwarephoton_ova", "category": "", "processed": "timestamp failed at play deploy vmware photon ova timestamp task wait for port number to become open or contain specific keyword task path home worker workspace ansible photon number x ova number ga ansible vsphere gos validation common vm wait ssh yml number fatal localhost failed timeout when waiting for search string openssh in ip address timestamp task testing exit due to failure task path home worker workspace ansible photon number x ova number ga ansible vsphere gos validation common test rescue yml number fatal localhost failed exit testing when exit testing when fail is set to true in test case deploy vmware photon ova", "solution": "deepdive", "target": "testcase", "version": 202207041600}, {"id": 3517, "name": "log-2450", "raw": "2022-07-02 11:29:05,002 | Failed at Play [nvme_disk_hot_extend_spec13] ***************\n2022-07-02 11:29:05,002 | TASK [Check disk size after hot extend] ********************\ntask path: /home/worker/workspace/Ansible_Windows_11_MAIN_PARAVIRTUAL_VMXNET3_EFI/ansible-vsphere-gos-validation/windows/vhba_hot_add_remove/hot_extend_disk_test.yml:40\nfatal: [localhost]: FAILED! => Got disk size '1' GB in guest OS after hot extend to 2GB.", "category": "", "processed": "timestamp failed at play nvme disk hot extend spec number timestamp task check disk size after hot extend task path home worker workspace ansible windows number main para virtual vmxnet number efi ansible vsphere gos validation windows v hba hot add remove hot extend disk test yml number fatal localhost failed got disk size number gb in guest os after hot extend to number gb", "solution": "deepdive", "target": "product", "version": 202207041600}, {"id": 3518, "name": "log-2372", "raw": "2022-06-30 06:01:47,030 | Failed at Play [vmlibrary_main] ****************************\n2022-06-30 06:01:47,030 | TASK [fail] ************************************************\ntask path: /home/worker/workspace/Create_New_VMLibrary_Template/newgos_testing_internal/vmlibrary/download_and_execute_script.yml:164\nfatal: [localhost]: FAILED! => ['At least one guest configuration is incorrect in 111563-Photon-3.0-Rev3U1-64-EFI-Open-VM-Tools', '2022-06-30 06:01:35 UTC |  ERROR| Check 2(SERVFAIL) is set in /etc/hostname ... NO!', '2022-06-30 06:01:35 UTC |  ERROR| Check STAF is running ... NO!', '2022-06-30 06:01:35 UTC |  ERROR| Check staf 10.168.218.1 ping ping get PONG ... NO!', '2022-06-30 06:01:45 UTC |  ERROR| Fail to download http://gosvpub.eng.vmware.com/GOSV-OVF/Scripts/apps/linux/vetSendIP.pl']", "category": "", "processed": "timestamp failed at play vm library main timestamp task fail task path home worker workspace create new vm library template new gos testing internal vm library download and execute script yml number fatal localhost failed at least one guest configuration is incorrect in number photon number efi open vm tools timestamp utc error check number serv fail is set in etc hostname no timestamp utc error check sta f is running no timestamp utc error check sta f ip address ping ping get pong no timestamp utc error fail to download http go sv pub eng vmware com go sv ovf scripts apps linux vet send ip pl", "solution": "deepdive", "target": "testcase", "version": 202207041600}, {"id": 3519, "name": "log-2381", "raw": "2022-06-30 06:40:50,030 | Failed at Play [nvme_disk_hot_extend_spec13] ***************\n2022-06-30 06:40:50,030 | TASK [Check disk size after hot extend] ********************\ntask path: /home/worker/workspace/Ansible_Windows_Server_LTSC_MAIN_PARAVIRTUAL_VMXNET3_BIOS/ansible-vsphere-gos-validation/windows/vhba_hot_add_remove/hot_extend_disk_test.yml:40\nfatal: [localhost]: FAILED! => Got disk size '1' GB in guest OS after hot extend to 2GB.", "category": "", "processed": "timestamp failed at play nvme disk hot extend spec number timestamp task check disk size after hot extend task path home worker workspace ansible windows server lts c main para virtual vmxnet number bios ansible vsphere gos validation windows v hba hot add remove hot extend disk test yml number fatal localhost failed got disk size number gb in guest os after hot extend to number gb", "solution": "deepdive", "target": "product", "version": 202207041600}, {"id": 3520, "name": "log-2382", "raw": "2022-06-30 06:40:35,030 | Failed at Play [nvme_disk_hot_extend_spec13] ***************\n2022-06-30 06:40:35,030 | TASK [Check disk size after hot extend] ********************\ntask path: /home/worker/workspace/Ansible_Windows_Server_LTSC_70U3_NVME_E1000E_EFI/ansible-vsphere-gos-validation/windows/vhba_hot_add_remove/hot_extend_disk_test.yml:40\nfatal: [localhost]: FAILED! => Got disk size '1' GB in guest OS after hot extend to 2GB.", "category": "", "processed": "timestamp failed at play nvme disk hot extend spec number timestamp task check disk size after hot extend task path home worker workspace ansible windows server lts c nvme efi ansible vsphere gos validation windows v hba hot add remove hot extend disk test yml number fatal localhost failed got disk size number gb in guest os after hot extend to number gb", "solution": "deepdive", "target": "product", "version": 202207041600}, {"id": 3521, "name": "log-2384", "raw": "2022-06-30 06:41:13,030 | Failed at Play [nvme_disk_hot_extend_spec13] ***************\n2022-06-30 06:41:13,030 | TASK [Check disk size after hot extend] ********************\ntask path: /home/worker/workspace/Ansible_Windows_Server_LTSC_70U3_PARAVIRTUAL_E1000E_EFI/ansible-vsphere-gos-validation/windows/vhba_hot_add_remove/hot_extend_disk_test.yml:40\nfatal: [localhost]: FAILED! => Got disk size '1' GB in guest OS after hot extend to 2GB.", "category": "", "processed": "timestamp failed at play nvme disk hot extend spec number timestamp task check disk size after hot extend task path home worker workspace ansible windows server lts c para virtual efi ansible vsphere gos validation windows v hba hot add remove hot extend disk test yml number fatal localhost failed got disk size number gb in guest os after hot extend to number gb", "solution": "deepdive", "target": "product", "version": 202207041600}, {"id": 3522, "name": "log-2383", "raw": "2022-06-30 06:41:01,030 | Failed at Play [nvme_disk_hot_extend_spec13] ***************\n2022-06-30 06:41:01,030 | TASK [Check disk size after hot extend] ********************\ntask path: /home/worker/workspace/Ansible_Windows_Server_LTSC_70U3_LSILOGICSAS_E1000E_BIOS/ansible-vsphere-gos-validation/windows/vhba_hot_add_remove/hot_extend_disk_test.yml:40\nfatal: [localhost]: FAILED! => Got disk size '1' GB in guest OS after hot extend to 2GB.", "category": "", "processed": "timestamp failed at play nvme disk hot extend spec number timestamp task check disk size after hot extend task path home worker workspace ansible windows server lts c lsi logic sas bios ansible vsphere gos validation windows v hba hot add remove hot extend disk test yml number fatal localhost failed got disk size number gb in guest os after hot extend to number gb", "solution": "deepdive", "target": "product", "version": 202207041600}, {"id": 3523, "name": "log-2385", "raw": "2022-06-30 06:41:12,030 | Failed at Play [nvme_disk_hot_extend_spec13] ***************\n2022-06-30 06:41:12,030 | TASK [Check disk size after hot extend] ********************\ntask path: /home/worker/workspace/Ansible_Windows_Server_LTSC_MAIN_NVME_E1000E_BIOS/ansible-vsphere-gos-validation/windows/vhba_hot_add_remove/hot_extend_disk_test.yml:40\nfatal: [localhost]: FAILED! => Got disk size '1' GB in guest OS after hot extend to 2GB.", "category": "", "processed": "timestamp failed at play nvme disk hot extend spec number timestamp task check disk size after hot extend task path home worker workspace ansible windows server lts c main nvme bios ansible vsphere gos validation windows v hba hot add remove hot extend disk test yml number fatal localhost failed got disk size number gb in guest os after hot extend to number gb", "solution": "deepdive", "target": "product", "version": 202207041600}, {"id": 3524, "name": "log-2386", "raw": "2022-06-30 07:20:31,030 | Failed at Play [vmlibrary_main] ****************************\n2022-06-30 07:20:31,030 | TASK [fail] ************************************************\ntask path: /home/worker/workspace/Create_New_VMLibrary_Template/newgos_testing_internal/vmlibrary/download_and_execute_script.yml:164\nfatal: [localhost]: FAILED! => ['At least one guest configuration is incorrect in 111563-Photon-3.0-Rev3U1-64-EFI-Open-VM-Tools', '2022-06-30 07:20:19 UTC |  ERROR| Check reached is set in /etc/hostname ... NO!', '2022-06-30 07:20:19 UTC |  ERROR| Check STAF is running ... NO!', '2022-06-30 07:20:19 UTC |  ERROR| Check staf 10.168.218.1 ping ping get PONG ... NO!', '2022-06-30 07:20:30 UTC |  ERROR| Fail to download http://gosvpub.eng.vmware.com/GOSV-OVF/Scripts/apps/linux/vetSendIP.pl']", "category": "", "processed": "timestamp failed at play vm library main timestamp task fail task path home worker workspace create new vm library template new gos testing internal vm library download and execute script yml number fatal localhost failed at least one guest configuration is incorrect in number photon number efi open vm tools timestamp utc error check reached is set in etc hostname no timestamp utc error check sta f is running no timestamp utc error check sta f ip address ping ping get pong no timestamp utc error fail to download http go sv pub eng vmware com go sv ovf scripts apps linux vet send ip pl", "solution": "deepdive", "target": "testcase", "version": 202207041600}, {"id": 3525, "name": "log-2429", "raw": "2022-07-02 02:10:56,002 | Failed at Play [deploy_vm_ovf] *****************************\n2022-07-02 02:10:56,002 | TASK [Deploy VM from ovf template] *************************\ntask path: /home/worker/workspace/Ansible_Windows_MS_Template_70U2/ansible-vsphere-gos-validation/common/ovf_deploy.yml:4\nexception in /vmware_deploy_ovf.py when run in /request.py when do_open\nfatal: [localhost]: FAILED! => <urlopen error The write operation timed out> Problem validating OVF import spec: Line 98: Invalid value 'hostonly' for element 'Connection'.\n2022-07-02 02:10:57,002 | TASK [Testing exit due to failure] *************************\ntask path: /home/worker/workspace/Ansible_Windows_MS_Template_70U2/ansible-vsphere-gos-validation/common/test_rescue.yml:55\nfatal: [localhost]: FAILED! => Exit testing when 'exit_testing_when_fail' is set to True in test case deploy_vm_ovf", "category": "", "processed": "timestamp failed at play deploy vm ovf timestamp task deploy vm from ovf template task path home worker workspace ansible windows ms template ansible vsphere gos validation common ovf deploy yml number exception in vmware deploy ovf python when run in request python when do open fatal localhost failed url open error the write operation timed out problem validating ovf import spec line number invalid value host only for element connection timestamp task testing exit due to failure task path home worker workspace ansible windows ms template ansible vsphere gos validation common test rescue yml number fatal localhost failed exit testing when exit testing when fail is set to true in test case deploy vm ovf", "solution": "retry", "target": "targetvm", "version": 202207041600}, {"id": 3526, "name": "log-2514", "raw": "2022-07-04 00:11:31,004 | Failed at Play [nvme_disk_hot_extend_spec13] ***************\n2022-07-04 00:11:31,004 | TASK [Check disk size after hot extend] ********************\ntask path: /home/worker/workspace/Ansible_Cycle_Windows_Server_2022_64/ansible-vsphere-gos-validation/windows/vhba_hot_add_remove/hot_extend_disk_test.yml:40\nfatal: [localhost]: FAILED! => Got disk size '1' GB in guest OS after hot extend to 2GB.", "category": "", "processed": "timestamp failed at play nvme disk hot extend spec number timestamp task check disk size after hot extend task path home worker workspace ansible cycle windows server number ansible vsphere gos validation windows v hba hot add remove hot extend disk test yml number fatal localhost failed got disk size number gb in guest os after hot extend to number gb", "solution": "deepdive", "target": "product", "version": 202207041600}, {"id": 3527, "name": "log-2519", "raw": "2022-07-04 00:21:16,004 | Failed at Play [nvme_disk_hot_extend_spec13] ***************\n2022-07-04 00:21:16,004 | TASK [Check disk size after hot extend] ********************\ntask path: /home/worker/workspace/Ansible_Cycle_Windows_10_64/ansible-vsphere-gos-validation/windows/vhba_hot_add_remove/hot_extend_disk_test.yml:40\nfatal: [localhost]: FAILED! => Got disk size '1' GB in guest OS after hot extend to 2GB.", "category": "", "processed": "timestamp failed at play nvme disk hot extend spec number timestamp task check disk size after hot extend task path home worker workspace ansible cycle windows number ansible vsphere gos validation windows v hba hot add remove hot extend disk test yml number fatal localhost failed got disk size number gb in guest os after hot extend to number gb", "solution": "deepdive", "target": "product", "version": 202207041600}, {"id": 3528, "name": "log-2517", "raw": "2022-07-04 00:13:53,004 | Failed at Play [nvme_vhba_device_ops_spec13] ***************\n2022-07-04 00:13:53,004 | TASK [Verify disk number increases in guest OS] ************\ntask path: /home/worker/workspace/Ansible_Cycle_Windows_10_64/ansible-vsphere-gos-validation/windows/vhba_hot_add_remove/hotadd_vm_disk_existing_ctrl.yml:35\nfatal: [localhost]: FAILED! => Disk number not increase 2, before hotadd: 1, after hotadd: 2", "category": "", "processed": "timestamp failed at play nvme v hba device ops spec number timestamp task verify disk number increases in guest os task path home worker workspace ansible cycle windows number ansible vsphere gos validation windows v hba hot add remove hot add vm disk existing ctrl yml number fatal localhost failed disk number not increase number before hot add number after hot add number", "solution": "deepdive", "target": "usererror", "version": 202207041600}, {"id": 3529, "name": "log-2444", "raw": "2022-07-02 04:51:48,002 | Failed at Play [cpu_multicores_per_socket] *****************\n2022-07-02 04:51:48,002 | TASK [Wait for port 22 to become stopped] ******************\ntask path: /home/worker/workspace/Ansible_Cycle_Photon_4.x_Update/ansible-vsphere-gos-validation/linux/utils/shutdown.yml:13\nfatal: [localhost]: FAILED! => Timeout when waiting for 10.182.58.98:22 to stop.", "category": "", "processed": "timestamp failed at play cpu multi cores per socket timestamp task wait for port number to become stopped task path home worker workspace ansible cycle photon number x update ansible vsphere gos validation linux utilities shutdown yml number fatal localhost failed timeout when waiting for ip address to stop", "solution": "retry", "target": "targetvm", "version": 202207041600}, {"id": 3530, "name": "log-2449", "raw": "2022-07-02 11:28:51,002 | Failed at Play [nvme_disk_hot_extend_spec13] ***************\n2022-07-02 11:28:51,002 | TASK [Check disk size after hot extend] ********************\ntask path: /home/worker/workspace/Ansible_Windows_11_70U3_PARAVIRTUAL_E1000E_EFI/ansible-vsphere-gos-validation/windows/vhba_hot_add_remove/hot_extend_disk_test.yml:40\nfatal: [localhost]: FAILED! => Got disk size '1' GB in guest OS after hot extend to 2GB.", "category": "", "processed": "timestamp failed at play nvme disk hot extend spec number timestamp task check disk size after hot extend task path home worker workspace ansible windows number para virtual efi ansible vsphere gos validation windows v hba hot add remove hot extend disk test yml number fatal localhost failed got disk size number gb in guest os after hot extend to number gb", "solution": "deepdive", "target": "product", "version": 202207041600}, {"id": 3531, "name": "log-2451", "raw": "2022-07-02 11:29:19,002 | Failed at Play [nvme_disk_hot_extend_spec13] ***************\n2022-07-02 11:29:19,002 | TASK [Check disk size after hot extend] ********************\ntask path: /home/worker/workspace/Ansible_Windows_11_70U3_LSILOGICSAS_VMXNET3_EFI/ansible-vsphere-gos-validation/windows/vhba_hot_add_remove/hot_extend_disk_test.yml:40\nfatal: [localhost]: FAILED! => Got disk size '1' GB in guest OS after hot extend to 2GB.", "category": "", "processed": "timestamp failed at play nvme disk hot extend spec number timestamp task check disk size after hot extend task path home worker workspace ansible windows number lsi logic sas vmxnet number efi ansible vsphere gos validation windows v hba hot add remove hot extend disk test yml number fatal localhost failed got disk size number gb in guest os after hot extend to number gb", "solution": "deepdive", "target": "product", "version": 202207041600}, {"id": 3532, "name": "log-2452", "raw": "2022-07-02 11:29:20,002 | Failed at Play [nvme_disk_hot_extend_spec13] ***************\n2022-07-02 11:29:20,002 | TASK [Check disk size after hot extend] ********************\ntask path: /home/worker/workspace/Ansible_Windows_11_MAIN_NVME_E1000E_EFI/ansible-vsphere-gos-validation/windows/vhba_hot_add_remove/hot_extend_disk_test.yml:40\nfatal: [localhost]: FAILED! => Got disk size '1' GB in guest OS after hot extend to 2GB.", "category": "", "processed": "timestamp failed at play nvme disk hot extend spec number timestamp task check disk size after hot extend task path home worker workspace ansible windows number main nvme efi ansible vsphere gos validation windows v hba hot add remove hot extend disk test yml number fatal localhost failed got disk size number gb in guest os after hot extend to number gb", "solution": "deepdive", "target": "product", "version": 202207041600}, {"id": 3533, "name": "log-2498", "raw": "2022-07-03 06:01:04,003 | Failed at Play [check_quiesce_snapshot] ********************\n2022-07-03 06:01:04,003 | TASK [Skip testcase: check_quiesce_snapshot, reason: Blocked] \ntask path: /home/worker/workspace/Ansible_Cycle_Windows_10_32/ansible-vsphere-gos-validation/common/skip_test_case.yml:20\nfatal: [localhost]: FAILED! => Test case 'check_quiesce_snapshot' is blocked because VMware tools installed: False, running: False", "category": "", "processed": "timestamp failed at play check quiesce snapshot timestamp task skip test case check quiesce snapshot reason blocked task path home worker workspace ansible cycle windows number ansible vsphere gos validation common skip test case yml number fatal localhost failed test case check quiesce snapshot is blocked because vmware tools installed false running false", "solution": "deepdive", "target": "usererror", "version": 202207041600}, {"id": 3534, "name": "log-2488", "raw": "2022-07-03 04:23:18,003 | Failed at Play [check_ip_address] **************************\n2022-07-03 04:23:18,003 | TASK [Skip testcase: check_ip_address, reason: Blocked] ****\ntask path: /home/worker/workspace/Ansible_Cycle_Windows_10_32/ansible-vsphere-gos-validation/common/skip_test_case.yml:20\nfatal: [localhost]: FAILED! => Test case 'check_ip_address' is blocked because VMware tools installed: False, running: False", "category": "", "processed": "timestamp failed at play check ip address timestamp task skip test case check ip address reason blocked task path home worker workspace ansible cycle windows number ansible vsphere gos validation common skip test case yml number fatal localhost failed test case check ip address is blocked because vmware tools installed false running false", "solution": "deepdive", "target": "usererror", "version": 202207041600}, {"id": 3535, "name": "log-2527", "raw": "2022-07-04 07:20:55,004 | Failed at Play [deploy_vmwarephoton_ova] *******************\n2022-07-04 07:20:55,004 | TASK [Wait for port 22 to become open or contain specific keyword] \ntask path: /home/worker/workspace/Ansible_Regression_Photon_4.0_OVA/ansible-vsphere-gos-validation/common/vm_wait_ssh.yml:19\nfatal: [localhost]: FAILED! => Timeout when waiting for search string OpenSSH in 10.185.229.182:22\n2022-07-04 07:21:14,004 | TASK [Testing exit due to failure] *************************\ntask path: /home/worker/workspace/Ansible_Regression_Photon_4.0_OVA/ansible-vsphere-gos-validation/common/test_rescue.yml:55\nfatal: [localhost]: FAILED! => Exit testing when 'exit_testing_when_fail' is set to True in test case deploy_vmwarephoton_ova", "category": "", "processed": "timestamp failed at play deploy vmware photon ova timestamp task wait for port number to become open or contain specific keyword task path home worker workspace ansible regression photon number ova ansible vsphere gos validation common vm wait ssh yml number fatal localhost failed timeout when waiting for search string openssh in ip address timestamp task testing exit due to failure task path home worker workspace ansible regression photon number ova ansible vsphere gos validation common test rescue yml number fatal localhost failed exit testing when exit testing when fail is set to true in test case deploy vmware photon ova", "solution": "deepdive", "target": "testcase", "version": 202207041600}, {"id": 3536, "name": "log-2534", "raw": "2022-07-04 17:09:20,004 | Failed at Play [deploy_vm_efi_paravirtual_vmxnet3] *********\n2022-07-04 17:09:20,004 | TASK [Create a new VM 'zyh_ansible_ubuntu_2204_desktop_autoinstall' on server '10.185.45.140'] \ntask path: /home/worker/workspace/zyh_ansible_ubuntu_existing_testbed_3.1/ansible-vsphere-gos-validation/common/vm_create.yml:30\nfatal: [localhost]: FAILED! => Failed to create a virtual machine : A component of the virtual machine is not accessible on the host.\n2022-07-04 17:09:22,004 | TASK [Testing exit due to failure] *************************\ntask path: /home/worker/workspace/zyh_ansible_ubuntu_existing_testbed_3.1/ansible-vsphere-gos-validation/common/test_rescue.yml:55\nfatal: [localhost]: FAILED! => Exit testing when 'exit_testing_when_fail' is set to True in test case deploy_vm_efi_paravirtual_vmxnet3", "category": "", "processed": "timestamp failed at play deploy vm efi para virtual vmxnet number timestamp task create a new vm zyh ansible ubuntu number desktop auto install on server ip address task path home worker workspace zyh ansible ubuntu existing testbed number ansible vsphere gos validation common vm create yml number fatal localhost failed failed to create a virtual machine a component of the virtual machine is not accessible on the host timestamp task testing exit due to failure task path home worker workspace zyh ansible ubuntu existing testbed number ansible vsphere gos validation common test rescue yml number fatal localhost failed exit testing when exit testing when fail is set to true in test case deploy vm efi para virtual vmxnet number", "solution": "deepdive", "target": "usererror", "version": 202207041600}, {"id": 3537, "name": "log-2535", "raw": "2022-07-05 05:13:14,005 | Failed at Play [gosc_cloudinit_staticip] *******************\n2022-07-05 05:13:14,005 | TASK [Fetch file /var/log/cloud-init.log from VM guest] ****\ntask path: /home/worker/workspace/Ansible_Regression_Ubuntu_22.04_Server_ISO/ansible-vsphere-gos-validation/common/vm_guest_file_operation.yml:93\nfatal: [localhost]: FAILED! => Failed to fetch file : Request failed: <urlopen error timed out>", "category": "", "processed": "timestamp failed at play go sc cloud init static ip timestamp task fetch file var log cloud init log from vm guest task path home worker workspace ansible regression ubuntu number server iso ansible vsphere gos validation common vm guest file operation yml number fatal localhost failed failed to fetch file request failed url open error timed out", "solution": "retry", "target": "targetvm", "version": 202207041600}]